<?xml version="1.0" encoding="UTF-8"?>
<!-- Generated by org.testng.reporters.JUnitReportReporter -->
<testsuite skipped="0" hostname="WIN-GEDESCREUP8" name="jenkins_Git_Demo.Selenium_Jenskins_integration" tests="1" failures="0" timestamp="18 Feb 2018 20:19:19 GMT" time="9.971" errors="0">
  <testcase name="test" time="9.971" classname="jenkins_Git_Demo.Selenium_Jenskins_integration"/>
</testsuite> <!-- jenkins_Git_Demo.Selenium_Jenskins_integration -->
